<?xml version="1.0" encoding="UTF-8"?>
<!-- Generated by org.testng.reporters.JUnitXMLReporter -->
<testsuite hostname="Vijay-Ca" ignored="6" name="Test" tests="8" failures="0" timestamp="15 Jun 2020 10:38:31 GMT" time="297.475" errors="0">
  <testcase name="verifyCreateAccountFunctionality" time="13.595" classname="com.assignment.testcases.CreateAccount_TC"/>
  <testcase name="verifyPlaceOrderWithNewUser" time="46.43" classname="com.assignment.testcases.endToEnd_TC"/>
  <testcase name="verifyPlacedOrderFunctionality" time="32.078" classname="com.assignment.testcases.endToEnd_TC"/>
  <testcase name="verifyPlacedOrderWithOrderHistory" time="38.056" classname="com.assignment.testcases.endToEnd_TC"/>
  <testcase name="Login_Functionality" time="10.613" classname="com.assignment.testcases.Login_TC"/>
  <testcase name="Login_Functionality" time="10.03" classname="com.assignment.testcases.Login_TC"/>
  <testcase name="Login_Functionality" time="10.404" classname="com.assignment.testcases.Login_TC"/>
  <testcase name="Login_Functionality" time="10.015" classname="com.assignment.testcases.Login_TC"/>
  <testcase name="@AfterTest afterSuite" time="0.0" classname="com.assignment.base.BaseClass">
    <ignored/>
  </testcase> <!-- @AfterTest afterSuite -->
  <testcase name="@AfterTest afterSuite" time="0.0" classname="com.assignment.base.BaseClass">
    <ignored/>
  </testcase> <!-- @AfterTest afterSuite -->
  <testcase name="@AfterTest afterSuite" time="0.0" classname="com.assignment.base.BaseClass">
    <ignored/>
  </testcase> <!-- @AfterTest afterSuite -->
  <testcase name="@BeforeTest beforeSuite" time="0.0" classname="com.assignment.base.BaseClass">
    <ignored/>
  </testcase> <!-- @BeforeTest beforeSuite -->
  <testcase name="@BeforeTest beforeSuite" time="0.0" classname="com.assignment.base.BaseClass">
    <ignored/>
  </testcase> <!-- @BeforeTest beforeSuite -->
  <testcase name="@BeforeTest beforeSuite" time="0.0" classname="com.assignment.base.BaseClass">
    <ignored/>
  </testcase> <!-- @BeforeTest beforeSuite -->
</testsuite> <!-- Test -->
